<?xml version="1.0" encoding="UTF-8"?>
<!-- Generated by org.testng.reporters.JUnitReportReporter -->
<testsuite skipped="0" hostname="lenovo" name="com.scenarioes.HealthCheck" tests="1" failures="0" timestamp="05 Feb 2018 00:22:51 GMT" time="6.798" errors="0">
  <testcase name="LoginTest" time="6.798" classname="com.scenarioes.HealthCheck"/>
</testsuite> <!-- com.scenarioes.HealthCheck -->
