<?xml version="1.0" encoding="UTF-8"?>
<!-- Generated by org.testng.reporters.JUnitReportReporter -->
<testsuite skipped="0" hostname="lenovo" name="com.scenarioes.HealthCheck" tests="1" failures="0" timestamp="05 Feb 2018 03:48:01 GMT" time="7.448" errors="0">
  <testcase name="LoginTest" time="7.448" classname="com.scenarioes.HealthCheck"/>
</testsuite> <!-- com.scenarioes.HealthCheck -->
